\BOOKMARK [0][-]{bm:Title.0}{Title Page}{}% 1
\BOOKMARK [0][-]{section*.1}{Table of Contents}{}% 2
\BOOKMARK [0][-]{chapter.1}{1 Introdução}{}% 3
\BOOKMARK [1][-]{section.1.1}{1.1 Liberdade}{chapter.1}% 4
\BOOKMARK [1][-]{section.1.2}{1.2 Custo de Habilidades}{chapter.1}% 5
\BOOKMARK [1][-]{section.1.3}{1.3 Criando Novas Habilidades}{chapter.1}% 6
\BOOKMARK [1][-]{section.1.4}{1.4 Cuidados}{chapter.1}% 7
\BOOKMARK [1][-]{section.1.5}{1.5 Recompensas}{chapter.1}% 8
\BOOKMARK [1][-]{section.1.6}{1.6 Downtime}{chapter.1}% 9
\BOOKMARK [0][-]{chapter.2}{2 Explorando}{}% 10
\BOOKMARK [1][-]{section.2.1}{2.1 Descansando}{chapter.2}% 11
\BOOKMARK [1][-]{section.2.2}{2.2 Inimigos durante a exploração}{chapter.2}% 12
\BOOKMARK [1][-]{section.2.3}{2.3 Pontos de Fadiga}{chapter.2}% 13
\BOOKMARK [1][-]{section.2.4}{2.4 Sobrevivência}{chapter.2}% 14
\BOOKMARK [1][-]{section.2.5}{2.5 Afinidade Natural}{chapter.2}% 15
\BOOKMARK [0][-]{chapter.3}{3 Equipamentos}{}% 16
\BOOKMARK [1][-]{section.3.1}{3.1 Dinheiro}{chapter.3}% 17
\BOOKMARK [1][-]{section.3.2}{3.2 Criando um equipamento}{chapter.3}% 18
\BOOKMARK [1][-]{section.3.3}{3.3 Melhorando e Criando Equipamentos}{chapter.3}% 19
\BOOKMARK [1][-]{section.3.4}{3.4 Material de Forja/Alquimia/Herbalismo/Gunsmith}{chapter.3}% 20
\BOOKMARK [1][-]{section.3.5}{3.5 Poções}{chapter.3}% 21
\BOOKMARK [1][-]{section.3.6}{3.6 Equipamento Mundano}{chapter.3}% 22
\BOOKMARK [2][-]{subsection.3.6.1}{3.6.1 Espada Curta}{section.3.6}% 23
\BOOKMARK [2][-]{subsection.3.6.2}{3.6.2 Espada Média}{section.3.6}% 24
\BOOKMARK [2][-]{subsection.3.6.3}{3.6.3 Espada Longa}{section.3.6}% 25
\BOOKMARK [2][-]{subsection.3.6.4}{3.6.4 Lança}{section.3.6}% 26
\BOOKMARK [2][-]{subsection.3.6.5}{3.6.5 Bastão}{section.3.6}% 27
\BOOKMARK [2][-]{subsection.3.6.6}{3.6.6 Arco e Flecha}{section.3.6}% 28
\BOOKMARK [2][-]{subsection.3.6.7}{3.6.7 Esmagador}{section.3.6}% 29
\BOOKMARK [2][-]{subsection.3.6.8}{3.6.8 Esmagador Grande}{section.3.6}% 30
\BOOKMARK [2][-]{subsection.3.6.9}{3.6.9 Arma de Fogo Leve}{section.3.6}% 31
\BOOKMARK [2][-]{subsection.3.6.10}{3.6.10 Arma de Fogo Média}{section.3.6}% 32
\BOOKMARK [2][-]{subsection.3.6.11}{3.6.11 Arma de Fogo Pesada}{section.3.6}% 33
\BOOKMARK [2][-]{subsection.3.6.12}{3.6.12 Manopla}{section.3.6}% 34
\BOOKMARK [2][-]{subsection.3.6.13}{3.6.13 Armadura Leve}{section.3.6}% 35
\BOOKMARK [2][-]{subsection.3.6.14}{3.6.14 Armadura Média}{section.3.6}% 36
\BOOKMARK [2][-]{subsection.3.6.15}{3.6.15 Armadura Pesada}{section.3.6}% 37
\BOOKMARK [2][-]{subsection.3.6.16}{3.6.16 Foice Pequena}{section.3.6}% 38
\BOOKMARK [2][-]{subsection.3.6.17}{3.6.17 Foice Longa}{section.3.6}% 39
\BOOKMARK [2][-]{subsection.3.6.18}{3.6.18 Escudo}{section.3.6}% 40
\BOOKMARK [2][-]{subsection.3.6.19}{3.6.19 Zarabatana}{section.3.6}% 41
\BOOKMARK [2][-]{subsection.3.6.20}{3.6.20 Arremesso}{section.3.6}% 42
\BOOKMARK [2][-]{subsection.3.6.21}{3.6.21 KusariGama}{section.3.6}% 43
\BOOKMARK [2][-]{subsection.3.6.22}{3.6.22 Bastão Curto Composto}{section.3.6}% 44
\BOOKMARK [2][-]{subsection.3.6.23}{3.6.23 Lutar Desarmado}{section.3.6}% 45
\BOOKMARK [2][-]{subsection.3.6.24}{3.6.24 Chicote}{section.3.6}% 46
\BOOKMARK [2][-]{subsection.3.6.25}{3.6.25 Bestas}{section.3.6}% 47
\BOOKMARK [1][-]{section.3.7}{3.7 Artefatos Mágicos}{chapter.3}% 48
\BOOKMARK [2][-]{subsection.3.7.1}{3.7.1 Natureza}{section.3.7}% 49
\BOOKMARK [2][-]{subsection.3.7.2}{3.7.2 Slots}{section.3.7}% 50
\BOOKMARK [2][-]{subsection.3.7.3}{3.7.3 Pr dos Artefatos}{section.3.7}% 51
\BOOKMARK [2][-]{subsection.3.7.4}{3.7.4 Acumulo de Bônus}{section.3.7}% 52
\BOOKMARK [2][-]{subsection.3.7.5}{3.7.5 Exemplos}{section.3.7}% 53
