\BOOKMARK [0][-]{bm:Title.0}{\376\377\000T\000i\000t\000l\000e\000\040\000P\000a\000g\000e}{}% 1
\BOOKMARK [0][-]{section*.1}{\376\377\000T\000a\000b\000l\000e\000\040\000o\000f\000\040\000C\000o\000n\000t\000e\000n\000t\000s}{}% 2
\BOOKMARK [0][-]{chapter.1}{\376\377\0001\000\040\000F\000i\000c\000h\000a}{}% 3
\BOOKMARK [1][-]{section.1.1}{\376\377\0001\000.\0001\000\040\000A\000t\000r\000i\000b\000u\000t\000o\000s\000\040\000P\000r\000i\000n\000c\000i\000p\000a\000i\000s}{chapter.1}% 4
\BOOKMARK [2][-]{subsection.1.1.1}{\376\377\0001\000.\0001\000.\0001\000\040\000M\000o\000d\000i\000f\000i\000c\000a\000d\000o\000r\000\040\000d\000e\000\040\000A\000t\000r\000i\000b\000u\000t\000o}{section.1.1}% 5
\BOOKMARK [2][-]{subsection.1.1.2}{\376\377\0001\000.\0001\000.\0002\000\040\000A\000t\000r\000i\000b\000u\000t\000o\000s\000\040\000F\000\355\000s\000i\000c\000o\000s}{section.1.1}% 6
\BOOKMARK [2][-]{subsection.1.1.3}{\376\377\0001\000.\0001\000.\0003\000\040\000A\000t\000r\000i\000b\000u\000t\000o\000s\000\040\000M\000e\000n\000t\000a\000i\000s}{section.1.1}% 7
\BOOKMARK [2][-]{subsection.1.1.4}{\376\377\0001\000.\0001\000.\0004\000\040\000A\000t\000r\000i\000b\000u\000t\000o\000s\000\040\000S\000o\000c\000i\000a\000i\000s}{section.1.1}% 8
\BOOKMARK [1][-]{section.1.2}{\376\377\0001\000.\0002\000\040\000A\000t\000r\000i\000b\000u\000t\000o\000s\000\040\000G\000e\000r\000a\000i\000s}{chapter.1}% 9
\BOOKMARK [1][-]{section.1.3}{\376\377\0001\000.\0003\000\040\000H\000a\000b\000i\000l\000i\000d\000a\000d\000e\000s\000\040\000P\000e\000s\000s\000o\000a\000i\000s}{chapter.1}% 10
\BOOKMARK [1][-]{section.1.4}{\376\377\0001\000.\0004\000\040\000C\000o\000n\000h\000e\000c\000i\000m\000e\000n\000t\000o\000s}{chapter.1}% 11
\BOOKMARK [1][-]{section.1.5}{\376\377\0001\000.\0005\000\040\000P\000o\000d\000e\000r\000e\000s\000\040\000M\000\341\000g\000i\000c\000o\000s}{chapter.1}% 12
\BOOKMARK [1][-]{section.1.6}{\376\377\0001\000.\0006\000\040\000I\000n\000v\000e\000n\000t\000\341\000r\000i\000o}{chapter.1}% 13
\BOOKMARK [1][-]{section.1.7}{\376\377\0001\000.\0007\000\040\000T\000a\000b\000e\000l\000a\000\040\000d\000e\000\040\000D\000e\000f\000e\000s\000a}{chapter.1}% 14
\BOOKMARK [1][-]{section.1.8}{\376\377\0001\000.\0008\000\040\000E\000x\000p\000e\000r\000i\000e\000n\000c\000i\000a\000\050\000X\000P\000\051}{chapter.1}% 15
\BOOKMARK [2][-]{subsection.1.8.1}{\376\377\0001\000.\0008\000.\0001\000\040\000X\000P\000\040\000\050\000E\000x\000p\000e\000r\000i\000\352\000n\000c\000i\000a\000\051}{section.1.8}% 16
\BOOKMARK [2][-]{subsection.1.8.2}{\376\377\0001\000.\0008\000.\0002\000\040\000P\000o\000n\000t\000o\000s\000\040\000d\000e\000\040\000B\000\364\000n\000u\000s}{section.1.8}% 17
\BOOKMARK [2][-]{subsection.1.8.3}{\376\377\0001\000.\0008\000.\0003\000\040\000P\000S\000\040\000\050\000P\000o\000n\000t\000o\000s\000\040\000d\000e\000\040\000S\000p\000i\000r\000i\000t\000u\000m\000\051}{section.1.8}% 18
\BOOKMARK [2][-]{subsection.1.8.4}{\376\377\0001\000.\0008\000.\0004\000\040\000G\000a\000n\000h\000a\000n\000d\000o\000\040\000X\000P}{section.1.8}% 19
\BOOKMARK [2][-]{subsection.1.8.5}{\376\377\0001\000.\0008\000.\0005\000\040\000U\000s\000a\000n\000d\000o\000\040\000X\000P}{section.1.8}% 20
\BOOKMARK [2][-]{subsection.1.8.6}{\376\377\0001\000.\0008\000.\0006\000\040\000A\000t\000r\000i\000b\000u\000t\000o\000s\000\040\000F\000a\000v\000o\000r\000e\000c\000i\000d\000o\000s}{section.1.8}% 21
\BOOKMARK [2][-]{subsection.1.8.7}{\376\377\0001\000.\0008\000.\0007\000\040\000G\000a\000n\000h\000a\000n\000d\000o\000\040\000A\000t\000r\000i\000b\000u\000t\000o\000s\000\040\000S\000o\000c\000i\000a\000i\000s}{section.1.8}% 22
\BOOKMARK [0][-]{chapter.2}{\376\377\0002\000\040\000J\000o\000g\000a\000d\000a\000s\000\040\000e\000\040\000T\000e\000s\000t\000e\000s}{}% 23
\BOOKMARK [1][-]{section.2.1}{\376\377\0002\000.\0001\000\040\000O\000\040\000B\000\341\000s\000i\000c\000o\000\040\000d\000e\000\040\000u\000m\000a\000\040\000J\000o\000g\000a\000d\000a\000\040\000S\000i\000m\000p\000l\000e\000s}{chapter.2}% 24
\BOOKMARK [2][-]{subsection.2.1.1}{\376\377\0002\000.\0001\000.\0001\000\040\000R\000e\000a\000l\000i\000z\000a\000n\000d\000o\000\040\000a\000\040\000J\000o\000g\000a\000d\000a}{section.2.1}% 25
\BOOKMARK [2][-]{subsection.2.1.2}{\376\377\0002\000.\0001\000.\0002\000\040\000N\000\372\000m\000e\000r\000o\000\040\000d\000e\000\040\000S\000u\000c\000e\000s\000s\000o\000s}{section.2.1}% 26
\BOOKMARK [2][-]{subsection.2.1.3}{\376\377\0002\000.\0001\000.\0003\000\040\000D\000i\000f\000i\000c\000u\000l\000d\000a\000d\000e\000\040\000R\000e\000l\000a\000t\000i\000v\000a}{section.2.1}% 27
\BOOKMARK [2][-]{subsection.2.1.4}{\376\377\0002\000.\0001\000.\0004\000\040\000S\000u\000c\000e\000s\000s\000o\000\040\000C\000r\000\355\000t\000i\000c\000o\000\040\000e\000\040\000m\000o\000d\000i\000f\000i\000c\000a\000d\000o\000r\000\040\000d\000e\000\040\000a\000t\000r\000i\000b\000u\000t\000o}{section.2.1}% 28
\BOOKMARK [1][-]{section.2.2}{\376\377\0002\000.\0002\000\040\000T\000i\000p\000o\000s\000\040\000d\000e\000\040\000T\000e\000s\000t\000e\000s}{chapter.2}% 29
\BOOKMARK [2][-]{subsection.2.2.1}{\376\377\0002\000.\0002\000.\0001\000\040\000T\000e\000s\000t\000e\000s\000\040\000C\000o\000m\000b\000a\000t\000i\000d\000o\000s}{section.2.2}% 30
\BOOKMARK [2][-]{subsection.2.2.2}{\376\377\0002\000.\0002\000.\0002\000\040\000T\000e\000s\000t\000e\000s\000\040\000C\000o\000n\000t\000\355\000n\000u\000o\000s}{section.2.2}% 31
\BOOKMARK [2][-]{subsection.2.2.3}{\376\377\0002\000.\0002\000.\0003\000\040\000T\000e\000s\000t\000e\000s\000\040\000e\000m\000\040\000G\000r\000u\000p\000o}{section.2.2}% 32
\BOOKMARK [2][-]{subsection.2.2.4}{\376\377\0002\000.\0002\000.\0004\000\040\000T\000e\000s\000t\000e\000s\000\040\000U\000s\000a\000n\000d\000o\000\040\000h\000a\000b\000i\000l\000i\000d\000a\000d\000e\000s\000/\000c\000o\000n\000h\000e\000c\000i\000m\000e\000n\000t\000o\000s\000/\000p\000e\000r\000\355\000c\000i\000a\000s}{section.2.2}% 33
\BOOKMARK [1][-]{section.2.3}{\376\377\0002\000.\0003\000\040\000U\000m\000\040\000E\000x\000e\000m\000p\000l\000o\000\040\000S\000i\000m\000p\000l\000e\000s}{chapter.2}% 34
\BOOKMARK [0][-]{chapter.3}{\376\377\0003\000\040\000B\000a\000t\000a\000l\000h\000a}{}% 35
\BOOKMARK [1][-]{section.3.1}{\376\377\0003\000.\0001\000\040\000M\000o\000m\000e\000n\000t\000o\000\040\000d\000e\000\040\000A\000\347\000\343\000o}{chapter.3}% 36
\BOOKMARK [1][-]{section.3.2}{\376\377\0003\000.\0002\000\040\000I\000n\000i\000c\000i\000a\000t\000i\000v\000a}{chapter.3}% 37
\BOOKMARK [1][-]{section.3.3}{\376\377\0003\000.\0003\000\040\000A\000t\000a\000q\000u\000e}{chapter.3}% 38
\BOOKMARK [2][-]{subsection.3.3.1}{\376\377\0003\000.\0003\000.\0001\000\040\000U\000m\000\040\000a\000t\000a\000q\000u\000e\000\040\000n\000o\000r\000m\000a\000l}{section.3.3}% 39
\BOOKMARK [2][-]{subsection.3.3.2}{\376\377\0003\000.\0003\000.\0002\000\040\000A\000t\000a\000q\000u\000e\000\040\000I\000n\000c\000o\000n\000s\000e\000q\000u\000e\000n\000t\000e}{section.3.3}% 40
\BOOKMARK [1][-]{section.3.4}{\376\377\0003\000.\0004\000\040\000E\000s\000q\000u\000i\000v\000a}{chapter.3}% 41
\BOOKMARK [2][-]{subsection.3.4.1}{\376\377\0003\000.\0004\000.\0001\000\040\000E\000s\000q\000u\000i\000v\000a\000\040\000N\000o\000r\000m\000a\000l}{section.3.4}% 42
\BOOKMARK [2][-]{subsection.3.4.2}{\376\377\0003\000.\0004\000.\0002\000\040\000A\000p\000a\000r\000a\000r}{section.3.4}% 43
\BOOKMARK [1][-]{section.3.5}{\376\377\0003\000.\0005\000\040\000T\000i\000p\000o\000s\000\040\000d\000e\000\040\000D\000a\000n\000o}{chapter.3}% 44
\BOOKMARK [2][-]{subsection.3.5.1}{\376\377\0003\000.\0005\000.\0001\000\040\000D\000a\000n\000o\000\040\000N\000o\000r\000m\000a\000l}{section.3.5}% 45
\BOOKMARK [2][-]{subsection.3.5.2}{\376\377\0003\000.\0005\000.\0002\000\040\000D\000a\000n\000o\000\040\000A\000u\000t\000o\000m\000\341\000t\000i\000c\000o}{section.3.5}% 46
\BOOKMARK [2][-]{subsection.3.5.3}{\376\377\0003\000.\0005\000.\0003\000\040\000D\000a\000n\000o\000\040\000C\000r\000\355\000t\000i\000c\000o}{section.3.5}% 47
\BOOKMARK [2][-]{subsection.3.5.4}{\376\377\0003\000.\0005\000.\0004\000\040\000D\000a\000n\000o\000\040\000d\000e\000\040\000T\000o\000q\000u\000e}{section.3.5}% 48
\BOOKMARK [2][-]{subsection.3.5.5}{\376\377\0003\000.\0005\000.\0005\000\040\000L\000e\000m\000b\000r\000e\000t\000e\000\040\000S\000o\000b\000r\000e\000\040\000D\000a\000n\000o}{section.3.5}% 49
\BOOKMARK [1][-]{section.3.6}{\376\377\0003\000.\0006\000\040\000D\000a\000n\000o}{chapter.3}% 50
\BOOKMARK [1][-]{section.3.7}{\376\377\0003\000.\0007\000\040\000G\000a\000s\000t\000a\000n\000d\000o\000\040\000P\000F}{chapter.3}% 51
\BOOKMARK [1][-]{section.3.8}{\376\377\0003\000.\0008\000\040\000U\000s\000a\000n\000d\000o\000\040\000I\000t\000e\000n\000s}{chapter.3}% 52
\BOOKMARK [1][-]{section.3.9}{\376\377\0003\000.\0009\000\040\000R\000e\000g\000r\000a\000s\000\040\000O\000p\000c\000i\000o\000n\000a\000i\000s\000\040\000p\000a\000r\000a\000\040\000C\000o\000m\000b\000a\000t\000e}{chapter.3}% 53
\BOOKMARK [2][-]{subsection.3.9.1}{\376\377\0003\000.\0009\000.\0001\000\040\000A\000t\000a\000q\000u\000e\000s\000\040\000M\000\372\000l\000t\000i\000p\000l\000o\000s}{section.3.9}% 54
\BOOKMARK [2][-]{subsection.3.9.2}{\376\377\0003\000.\0009\000.\0002\000\040\000E\000s\000q\000u\000i\000v\000a\000s\000\040\000M\000\372\000l\000t\000i\000p\000l\000a\000s}{section.3.9}% 55
\BOOKMARK [2][-]{subsection.3.9.3}{\376\377\0003\000.\0009\000.\0003\000\040\000A\000t\000a\000c\000a\000n\000d\000o\000\040\000A\000l\000v\000o\000s\000\040\000E\000s\000p\000e\000c\000\355\000f\000i\000c\000o\000s}{section.3.9}% 56
\BOOKMARK [2][-]{subsection.3.9.4}{\376\377\0003\000.\0009\000.\0004\000\040\000A\000t\000a\000q\000u\000e\000\040\000e\000m\000\040\000\341\000r\000e\000a}{section.3.9}% 57
\BOOKMARK [2][-]{subsection.3.9.5}{\376\377\0003\000.\0009\000.\0005\000\040\000C\000o\000n\000t\000r\000a\000\040\000A\000t\000a\000q\000u\000e\000\040\000-\000\040\000A\000t\000a\000c\000a\000n\000d\000o\000\040\000n\000o\000\040\000T\000u\000r\000n\000o\000\040\000d\000e\000\040\000E\000s\000q\000u\000i\000v\000a}{section.3.9}% 58
\BOOKMARK [2][-]{subsection.3.9.6}{\376\377\0003\000.\0009\000.\0006\000\040\000E\000s\000q\000u\000i\000v\000a\000n\000d\000o\000\040\000n\000o\000\040\000T\000u\000r\000n\000o\000\040\000d\000e\000\040\000A\000t\000a\000q\000u\000e\000\040}{section.3.9}% 59
\BOOKMARK [2][-]{subsection.3.9.7}{\376\377\0003\000.\0009\000.\0007\000\040\000M\000o\000v\000i\000m\000e\000n\000t\000o\000\040\000D\000u\000r\000a\000n\000t\000e\000\040\000a\000\040\000B\000a\000t\000a\000l\000h\000a}{section.3.9}% 60
\BOOKMARK [2][-]{subsection.3.9.8}{\376\377\0003\000.\0009\000.\0008\000\040\000D\000e\000s\000a\000r\000m\000a\000r\000\040\000O\000p\000o\000n\000e\000n\000t\000e}{section.3.9}% 61
\BOOKMARK [2][-]{subsection.3.9.9}{\376\377\0003\000.\0009\000.\0009\000\040\000A\000g\000a\000r\000r\000a\000r\000\040\000O\000p\000o\000n\000e\000n\000t\000e}{section.3.9}% 62
\BOOKMARK [0][-]{chapter.4}{\376\377\0004\000\040\000C\000r\000i\000a\000\347\000\343\000o\000\040\000d\000e\000\040\000P\000e\000r\000s\000o\000n\000a\000g\000e\000m}{}% 63
\BOOKMARK [1][-]{section.4.1}{\376\377\0004\000.\0001\000\040\000H\000i\000s\000t\000\363\000r\000i\000a}{chapter.4}% 64
\BOOKMARK [1][-]{section.4.2}{\376\377\0004\000.\0002\000\040\000R\000a\000\347\000a}{chapter.4}% 65
\BOOKMARK [1][-]{section.4.3}{\376\377\0004\000.\0003\000\040\000C\000l\000a\000s\000s\000e}{chapter.4}% 66
\BOOKMARK [1][-]{section.4.4}{\376\377\0004\000.\0004\000\040\000T\000o\000q\000u\000e\000s\000\040\000F\000i\000n\000a\000i\000s\000\040\000e\000\040\000O\000b\000s\000e\000r\000v\000a\000\347\000\365\000e\000s}{chapter.4}% 67
\BOOKMARK [0][-]{chapter.5}{\376\377\0005\000\040\000R\000a\000\347\000a\000s}{}% 68
\BOOKMARK [1][-]{section.5.1}{\376\377\0005\000.\0001\000\040\000H\000u\000m\000a\000n\000o}{chapter.5}% 69
\BOOKMARK [2][-]{subsection.5.1.1}{\376\377\0005\000.\0001\000.\0001\000\040\000D\000a\000d\000o\000s\000\040\000t\000\351\000c\000n\000i\000c\000o\000s}{section.5.1}% 70
\BOOKMARK [1][-]{section.5.2}{\376\377\0005\000.\0002\000\040\000O\000m\000a\000y\000u\000s\000h\000a}{chapter.5}% 71
\BOOKMARK [2][-]{subsection.5.2.1}{\376\377\0005\000.\0002\000.\0001\000\040\000D\000a\000d\000o\000s\000\040\000t\000\351\000c\000n\000i\000c\000o\000s}{section.5.2}% 72
\BOOKMARK [1][-]{section.5.3}{\376\377\0005\000.\0003\000\040\000A\000n\000\343\000o}{chapter.5}% 73
\BOOKMARK [2][-]{subsection.5.3.1}{\376\377\0005\000.\0003\000.\0001\000\040\000D\000a\000d\000o\000s\000\040\000t\000\351\000c\000n\000i\000c\000o\000s}{section.5.3}% 74
\BOOKMARK [1][-]{section.5.4}{\376\377\0005\000.\0004\000\040\000G\000o\000r\000i\000o\000n}{chapter.5}% 75
\BOOKMARK [2][-]{subsection.5.4.1}{\376\377\0005\000.\0004\000.\0001\000\040\000D\000a\000d\000o\000s\000\040\000t\000\351\000c\000n\000i\000c\000o\000s}{section.5.4}% 76
\BOOKMARK [1][-]{section.5.5}{\376\377\0005\000.\0005\000\040\000E\000l\000f\000o\000s\000\040\000/\000\040\000A\000f\000e\000r\000i\000n}{chapter.5}% 77
\BOOKMARK [2][-]{subsection.5.5.1}{\376\377\0005\000.\0005\000.\0001\000\040\000D\000a\000d\000o\000s\000\040\000t\000\351\000c\000n\000i\000c\000o\000s}{section.5.5}% 78
\BOOKMARK [1][-]{section.5.6}{\376\377\0005\000.\0006\000\040\000Z\000e\000n\000i\000r}{chapter.5}% 79
\BOOKMARK [2][-]{subsection.5.6.1}{\376\377\0005\000.\0006\000.\0001\000\040\000D\000a\000d\000o\000s\000\040\000t\000\351\000c\000n\000i\000c\000o\000s}{section.5.6}% 80
\BOOKMARK [1][-]{section.5.7}{\376\377\0005\000.\0007\000\040\000Z\000e\000n\000f\000r\000\372}{chapter.5}% 81
\BOOKMARK [2][-]{subsection.5.7.1}{\376\377\0005\000.\0007\000.\0001\000\040\000D\000a\000d\000o\000s\000\040\000t\000\351\000c\000n\000i\000c\000o\000s}{section.5.7}% 82
\BOOKMARK [1][-]{section.5.8}{\376\377\0005\000.\0008\000\040\000S\000a\000r\000a\000v\000a\000k}{chapter.5}% 83
\BOOKMARK [2][-]{subsection.5.8.1}{\376\377\0005\000.\0008\000.\0001\000\040\000D\000a\000d\000o\000s\000\040\000t\000\351\000c\000n\000i\000c\000o\000s}{section.5.8}% 84
\BOOKMARK [1][-]{section.5.9}{\376\377\0005\000.\0009\000\040\000M\000a\000g\000i\000n\000s}{chapter.5}% 85
\BOOKMARK [1][-]{section.5.10}{\376\377\0005\000.\0001\0000\000\040\000M\000a\000g\000i\000n\000s\000\040\000d\000o\000\040\000V\000e\000n\000t\000o}{chapter.5}% 86
\BOOKMARK [2][-]{subsection.5.10.1}{\376\377\0005\000.\0001\0000\000.\0001\000\040\000D\000a\000d\000o\000s\000\040\000t\000\351\000c\000n\000i\000c\000o\000s}{section.5.10}% 87
\BOOKMARK [1][-]{section.5.11}{\376\377\0005\000.\0001\0001\000\040\000M\000a\000g\000i\000n\000s\000\040\000d\000o\000\040\000F\000o\000g\000o}{chapter.5}% 88
\BOOKMARK [2][-]{subsection.5.11.1}{\376\377\0005\000.\0001\0001\000.\0001\000\040\000D\000a\000d\000o\000s\000\040\000t\000\351\000c\000n\000i\000c\000o\000s}{section.5.11}% 89
\BOOKMARK [1][-]{section.5.12}{\376\377\0005\000.\0001\0002\000\040\000M\000a\000g\000i\000n\000s\000\040\000d\000a\000\040\000T\000e\000r\000r\000a}{chapter.5}% 90
\BOOKMARK [2][-]{subsection.5.12.1}{\376\377\0005\000.\0001\0002\000.\0001\000\040\000D\000a\000d\000o\000s\000\040\000t\000\351\000c\000n\000i\000c\000o\000s}{section.5.12}% 91
\BOOKMARK [1][-]{section.5.13}{\376\377\0005\000.\0001\0003\000\040\000M\000a\000g\000i\000n\000s\000\040\000d\000a\000\040\000\301\000g\000u\000a}{chapter.5}% 92
\BOOKMARK [2][-]{subsection.5.13.1}{\376\377\0005\000.\0001\0003\000.\0001\000\040\000D\000a\000d\000o\000s\000\040\000t\000\351\000c\000n\000i\000c\000o\000s}{section.5.13}% 93
\BOOKMARK [1][-]{section.5.14}{\376\377\0005\000.\0001\0004\000\040\000H\000a\000i\000-\000T\000s\000u}{chapter.5}% 94
\BOOKMARK [2][-]{subsection.5.14.1}{\376\377\0005\000.\0001\0004\000.\0001\000\040\000D\000a\000d\000o\000s\000\040\000t\000\351\000c\000n\000i\000c\000o\000s}{section.5.14}% 95
\BOOKMARK [1][-]{section.5.15}{\376\377\0005\000.\0001\0005\000\040\000G\000l\000o\000b\000o\000k}{chapter.5}% 96
\BOOKMARK [2][-]{subsection.5.15.1}{\376\377\0005\000.\0001\0005\000.\0001\000\040\000D\000a\000d\000o\000s\000\040\000t\000\351\000c\000n\000i\000c\000o\000s}{section.5.15}% 97
\BOOKMARK [0][-]{chapter.6}{\376\377\0006\000\040\000C\000l\000a\000s\000s\000e\000s}{}% 98
\BOOKMARK [1][-]{section.6.1}{\376\377\0006\000.\0001\000\040\000H\000a\000b\000i\000l\000i\000d\000a\000d\000e\000s\000\040\000D\000e\000\040\000C\000l\000a\000s\000s\000e}{chapter.6}% 99
\BOOKMARK [1][-]{section.6.2}{\376\377\0006\000.\0002\000\040\000M\000u\000l\000t\000i\000c\000l\000a\000s\000s\000e}{chapter.6}% 100
\BOOKMARK [1][-]{section.6.3}{\376\377\0006\000.\0003\000\040\000M\000u\000d\000a\000n\000d\000o\000\040\000d\000e\000\040\000C\000l\000a\000s\000s\000e}{chapter.6}% 101
\BOOKMARK [1][-]{section.6.4}{\376\377\0006\000.\0004\000\040\000G\000u\000e\000r\000r\000e\000i\000r\000o}{chapter.6}% 102
\BOOKMARK [1][-]{section.6.5}{\376\377\0006\000.\0005\000\040\000L\000a\000d\000r\000\343\000o\000\040\000/\000\040\000P\000i\000s\000t\000o\000l\000e\000i\000r\000o\000\040\000/\000\040\000P\000i\000r\000a\000t\000a}{chapter.6}% 103
\BOOKMARK [1][-]{section.6.6}{\376\377\0006\000.\0006\000\040\000M\000a\000g\000o\000\040\000B\000r\000a\000n\000c\000o}{chapter.6}% 104
\BOOKMARK [1][-]{section.6.7}{\376\377\0006\000.\0007\000\040\000M\000a\000g\000o\000\040\000N\000e\000g\000r\000o}{chapter.6}% 105
\BOOKMARK [1][-]{section.6.8}{\376\377\0006\000.\0008\000\040\000G\000u\000e\000r\000r\000e\000i\000r\000o\000\040\000M\000a\000g\000o\000\040\000B\000r\000a\000n\000c\000o\000\040\000/\000\040\000N\000e\000g\000r\000o}{chapter.6}% 106
\BOOKMARK [1][-]{section.6.9}{\376\377\0006\000.\0009\000\040\000D\000r\000u\000i\000d\000a}{chapter.6}% 107
\BOOKMARK [1][-]{section.6.10}{\376\377\0006\000.\0001\0000\000\040\000N\000e\000c\000r\000o\000m\000a\000n\000t\000e}{chapter.6}% 108
\BOOKMARK [1][-]{section.6.11}{\376\377\0006\000.\0001\0001\000\040\000M\000a\000g\000o\000\040\000V\000e\000r\000m\000e\000l\000h\000o\000\040\000/\000\040\000A\000l\000q\000u\000i\000m\000i\000s\000t\000a\000\040}{chapter.6}% 109
\BOOKMARK [1][-]{section.6.12}{\376\377\0006\000.\0001\0002\000\040\000M\000e\000t\000a\000m\000a\000g\000o}{chapter.6}% 110
\BOOKMARK [1][-]{section.6.13}{\376\377\0006\000.\0001\0003\000\040\000M\000a\000g\000o\000\040\000A\000z\000u\000l}{chapter.6}% 111
\BOOKMARK [1][-]{section.6.14}{\376\377\0006\000.\0001\0004\000\040\000R\000a\000n\000g\000e\000r\000\040\000/\000\040\000B\000a\000t\000e\000d\000o\000r}{chapter.6}% 112
\BOOKMARK [1][-]{section.6.15}{\376\377\0006\000.\0001\0005\000\040\000M\000o\000n\000g\000e\000s\000\040\000/\000\040\000L\000u\000t\000a\000d\000o\000r\000e\000s}{chapter.6}% 113
\BOOKMARK [1][-]{section.6.16}{\376\377\0006\000.\0001\0006\000\040\000A\000s\000s\000a\000s\000s\000i\000n\000o\000s\000\040\000/\000\040\000N\000i\000n\000j\000a\000s}{chapter.6}% 114
\BOOKMARK [1][-]{section.6.17}{\376\377\0006\000.\0001\0007\000\040\000S\000a\000m\000u\000r\000a\000i}{chapter.6}% 115
\BOOKMARK [1][-]{section.6.18}{\376\377\0006\000.\0001\0008\000\040\000S\000o\000l\000d\000a\000d\000o}{chapter.6}% 116
\BOOKMARK [1][-]{section.6.19}{\376\377\0006\000.\0001\0009\000\040\000O\000r\000\341\000c\000u\000l\000o\000\040\000/\000\040\000E\000r\000e\000m\000i\000t\000a}{chapter.6}% 117
\BOOKMARK [0][-]{chapter.7}{\376\377\0007\000\040\000H\000a\000b\000i\000l\000i\000d\000a\000d\000e\000s\000\040\000e\000\040\000C\000o\000n\000h\000e\000c\000i\000m\000e\000n\000t\000o\000s}{}% 118
\BOOKMARK [1][-]{section.7.1}{\376\377\0007\000.\0001\000\040\000T\000i\000p\000o\000s\000\040\000d\000e\000\040\000H\000a\000b\000i\000l\000i\000d\000a\000d\000e\000s}{chapter.7}% 119
\BOOKMARK [2][-]{subsection.7.1.1}{\376\377\0007\000.\0001\000.\0001\000\040\000A\000u\000m\000e\000n\000t\000a\000n\000d\000o\000\040\000H\000a\000b\000i\000l\000i\000d\000a\000d\000e\000s\000\040\000G\000e\000r\000a\000i\000s}{section.7.1}% 120
\BOOKMARK [2][-]{subsection.7.1.2}{\376\377\0007\000.\0001\000.\0002\000\040\000H\000a\000b\000i\000l\000i\000d\000a\000d\000e\000\040\000R\000e\000l\000a\000c\000i\000o\000n\000a\000d\000a\000\040\000a\000\040\000C\000l\000a\000s\000s\000e\000\040\000/\000\040\000R\000a\000\347\000a}{section.7.1}% 121
\BOOKMARK [2][-]{subsection.7.1.3}{\376\377\0007\000.\0001\000.\0003\000\040\000A\000c\000\372\000m\000u\000l\000o\000\040\000d\000e\000\040\000B\000\364\000n\000u\000s\000\040\000e\000\040\000P\000e\000n\000a\000l\000i\000d\000a\000d\000e\000s}{section.7.1}% 122
\BOOKMARK [1][-]{section.7.2}{\376\377\0007\000.\0002\000\040\000U\000s\000a\000n\000d\000o\000\040\000H\000a\000b\000i\000l\000i\000d\000a\000d\000e\000s}{chapter.7}% 123
\BOOKMARK [2][-]{subsection.7.2.1}{\376\377\0007\000.\0002\000.\0001\000\040\000T\000e\000m\000p\000o\000\040\000d\000e\000\040\000C\000o\000n\000c\000e\000n\000t\000r\000a\000\347\000\343\000o\000\040\000T\000C}{section.7.2}% 124
\BOOKMARK [1][-]{section.7.3}{\376\377\0007\000.\0003\000\040\000C\000o\000n\000h\000e\000c\000i\000m\000e\000n\000t\000o\000s}{chapter.7}% 125
\BOOKMARK [2][-]{subsection.7.3.1}{\376\377\0007\000.\0003\000.\0001\000\040\000S\000i\000s\000t\000e\000m\000a\000\040\000S\000i\000m\000p\000l\000i\000f\000i\000c\000a\000d\000o\000\040\000d\000e\000\040\000C\000o\000n\000h\000e\000c\000i\000m\000e\000n\000t\000o\000s}{section.7.3}% 126
\BOOKMARK [1][-]{section.7.4}{\376\377\0007\000.\0004\000\040\000H\000a\000b\000i\000l\000i\000d\000a\000d\000e\000s\000\040\000D\000e\000s\000f\000a\000v\000o\000r\000e\000c\000i\000d\000a\000s}{chapter.7}% 127
\BOOKMARK [1][-]{section.7.5}{\376\377\0007\000.\0005\000\040\000H\000a\000b\000i\000l\000i\000d\000a\000d\000e\000s\000\040\000G\000e\000r\000a\000i\000s}{chapter.7}% 128
\BOOKMARK [1][-]{section.7.6}{\376\377\0007\000.\0006\000\040\000H\000a\000b\000i\000l\000i\000d\000a\000d\000e\000s\000\040\000d\000e\000\040\000C\000l\000a\000s\000s\000e}{chapter.7}% 129
\BOOKMARK [2][-]{subsection.7.6.1}{\376\377\0007\000.\0006\000.\0001\000\040\000G\000u\000e\000r\000r\000e\000i\000r\000o}{section.7.6}% 130
\BOOKMARK [2][-]{subsection.7.6.2}{\376\377\0007\000.\0006\000.\0002\000\040\000L\000a\000d\000r\000\343\000o\000\040\000/\000\040\000P\000i\000s\000t\000o\000l\000e\000i\000r\000o\000\040\000/\000\040\000P\000i\000r\000a\000t\000a}{section.7.6}% 131
\BOOKMARK [2][-]{subsection.7.6.3}{\376\377\0007\000.\0006\000.\0003\000\040\000M\000a\000g\000o\000\040\000B\000r\000a\000n\000c\000o}{section.7.6}% 132
\BOOKMARK [2][-]{subsection.7.6.4}{\376\377\0007\000.\0006\000.\0004\000\040\000M\000a\000g\000o\000\040\000N\000e\000g\000r\000o}{section.7.6}% 133
\BOOKMARK [2][-]{subsection.7.6.5}{\376\377\0007\000.\0006\000.\0005\000\040\000G\000u\000e\000r\000r\000e\000i\000r\000o\000\040\000N\000e\000g\000r\000o}{section.7.6}% 134
\BOOKMARK [2][-]{subsection.7.6.6}{\376\377\0007\000.\0006\000.\0006\000\040\000G\000u\000e\000r\000r\000e\000i\000r\000o\000\040\000B\000r\000a\000n\000c\000o}{section.7.6}% 135
\BOOKMARK [2][-]{subsection.7.6.7}{\376\377\0007\000.\0006\000.\0007\000\040\000D\000r\000u\000i\000d\000a}{section.7.6}% 136
\BOOKMARK [2][-]{subsection.7.6.8}{\376\377\0007\000.\0006\000.\0008\000\040\000N\000e\000c\000r\000o\000m\000a\000n\000t\000e}{section.7.6}% 137
\BOOKMARK [2][-]{subsection.7.6.9}{\376\377\0007\000.\0006\000.\0009\000\040\000M\000a\000g\000o\000\040\000V\000e\000r\000m\000e\000l\000h\000o}{section.7.6}% 138
\BOOKMARK [2][-]{subsection.7.6.10}{\376\377\0007\000.\0006\000.\0001\0000\000\040\000M\000e\000t\000a\000m\000a\000g\000o}{section.7.6}% 139
\BOOKMARK [2][-]{subsection.7.6.11}{\376\377\0007\000.\0006\000.\0001\0001\000\040\000M\000a\000g\000o\000\040\000A\000z\000u\000l}{section.7.6}% 140
\BOOKMARK [2][-]{subsection.7.6.12}{\376\377\0007\000.\0006\000.\0001\0002\000\040\000R\000a\000n\000g\000e\000r\000\040\000/\000\040\000B\000a\000t\000e\000d\000o\000r}{section.7.6}% 141
\BOOKMARK [2][-]{subsection.7.6.13}{\376\377\0007\000.\0006\000.\0001\0003\000\040\000M\000o\000n\000g\000e\000s\000\040\000/\000\040\000L\000u\000t\000a\000d\000o\000r\000e\000s}{section.7.6}% 142
\BOOKMARK [2][-]{subsection.7.6.14}{\376\377\0007\000.\0006\000.\0001\0004\000\040\000A\000s\000s\000a\000s\000s\000i\000n\000o\000\040\000/\000\040\000N\000i\000n\000j\000a}{section.7.6}% 143
\BOOKMARK [2][-]{subsection.7.6.15}{\376\377\0007\000.\0006\000.\0001\0005\000\040\000S\000a\000m\000u\000r\000a\000i}{section.7.6}% 144
\BOOKMARK [2][-]{subsection.7.6.16}{\376\377\0007\000.\0006\000.\0001\0006\000\040\000S\000o\000l\000d\000a\000d\000o}{section.7.6}% 145
\BOOKMARK [2][-]{subsection.7.6.17}{\376\377\0007\000.\0006\000.\0001\0007\000\040\000O\000r\000a\000c\000u\000l\000o\000\040\000/\000\040\000E\000r\000e\000m\000i\000t\000a}{section.7.6}% 146
\BOOKMARK [1][-]{section.7.7}{\376\377\0007\000.\0007\000\040\000H\000a\000b\000i\000l\000i\000d\000a\000d\000e\000s\000\040\000E\000s\000p\000e\000c\000i\000a\000i\000s}{chapter.7}% 147
\BOOKMARK [2][-]{subsection.7.7.1}{\376\377\0007\000.\0007\000.\0001\000\040\000A\000f\000i\000n\000i\000d\000a\000d\000e\000\040\000N\000a\000t\000u\000r\000a\000l}{section.7.7}% 148
\BOOKMARK [2][-]{subsection.7.7.2}{\376\377\0007\000.\0007\000.\0002\000\040\000M\000e\000t\000a\000m\000o\000r\000f\000o\000s\000e}{section.7.7}% 149
\BOOKMARK [2][-]{subsection.7.7.3}{\376\377\0007\000.\0007\000.\0003\000\040\000A\000r\000m\000a\000s\000\040\000E\000x\000t\000r\000a\000s}{section.7.7}% 150
\BOOKMARK [2][-]{subsection.7.7.4}{\376\377\0007\000.\0007\000.\0004\000\040\000M\000e\000d\000i\000u\000n\000i\000d\000a\000d\000e}{section.7.7}% 151
\BOOKMARK [2][-]{subsection.7.7.5}{\376\377\0007\000.\0007\000.\0005\000\040\000F\000a\000m\000i\000l\000i\000a\000r}{section.7.7}% 152
\BOOKMARK [2][-]{subsection.7.7.6}{\376\377\0007\000.\0007\000.\0006\000\040\000B\000a\000c\000k\000\040\000D\000a\000s\000h\000\050\0001\0000\000X\000P\000\051}{section.7.7}% 153
\BOOKMARK [2][-]{subsection.7.7.7}{\376\377\0007\000.\0007\000.\0007\000\040\000A\000u\000r\000a\000\050\0001\0000\000X\000P\000\051}{section.7.7}% 154
\BOOKMARK [1][-]{section.7.8}{\376\377\0007\000.\0008\000\040\000C\000o\000n\000h\000e\000c\000i\000m\000e\000n\000t\000o\000\040\000R\000i\000t\000u\000a\000l}{chapter.7}% 155
\BOOKMARK [0][-]{chapter.8}{\376\377\0008\000\040\000M\000a\000g\000i\000a\000s}{}% 156
\BOOKMARK [1][-]{section.8.1}{\376\377\0008\000.\0001\000\040\000N\000a\000t\000u\000r\000e\000z\000a\000\040\000d\000a\000\040\000M\000a\000g\000i\000a}{chapter.8}% 157
\BOOKMARK [1][-]{section.8.2}{\376\377\0008\000.\0002\000\040\000M\000a\000g\000i\000a\000\040\000n\000o\000\040\000S\000i\000s\000t\000e\000m\000a}{chapter.8}% 158
\BOOKMARK [1][-]{section.8.3}{\376\377\0008\000.\0003\000\040\000M\000a\000g\000i\000a\000\040\000P\000u\000r\000a}{chapter.8}% 159
\BOOKMARK [1][-]{section.8.4}{\376\377\0008\000.\0004\000\040\000C\000o\000n\000t\000r\000o\000l\000e\000\040\000E\000l\000e\000m\000e\000n\000t\000a\000l\000\040\000e\000\040\000H\000a\000b\000i\000l\000i\000d\000a\000d\000e\000s\000\040\000M\000\341\000g\000i\000c\000a\000s}{chapter.8}% 160
\BOOKMARK [2][-]{subsection.8.4.1}{\376\377\0008\000.\0004\000.\0001\000\040\000C\000o\000n\000t\000r\000a\000\040\000M\000a\000g\000i\000a\000\050\0008\000x\000p\000m\000,\0001\0000\000P\000S\000\051}{section.8.4}% 161
\BOOKMARK [2][-]{subsection.8.4.2}{\376\377\0008\000.\0004\000.\0002\000\040\000M\000a\000t\000e\000r\000i\000a\000l\000i\000z\000a\000r\000\040\000M\000a\000g\000i\000a\000\050\0001\0006\000p\000s\000,\0001\0002\000x\000p\000m\000\051}{section.8.4}% 162
\BOOKMARK [2][-]{subsection.8.4.3}{\376\377\0008\000.\0004\000.\0003\000\040\000A\000r\000m\000a\000s\000\040\000E\000l\000e\000m\000e\000n\000t\000a\000i\000s}{section.8.4}% 163
\BOOKMARK [1][-]{section.8.5}{\376\377\0008\000.\0005\000\040\000A\000l\000v\000o\000s\000\040\000m\000a\000g\000i\000c\000a\000m\000e\000n\000t\000e\000\040\000i\000m\000u\000n\000e\000s}{chapter.8}% 164
\BOOKMARK [1][-]{section.8.6}{\376\377\0008\000.\0006\000\040\000C\000o\000n\000s\000e\000g\000u\000i\000n\000d\000o\000\040\000e\000\040\000U\000s\000a\000n\000d\000o\000\040\000P\000S}{chapter.8}% 165
\BOOKMARK [1][-]{section.8.7}{\376\377\0008\000.\0007\000\040\000C\000\355\000r\000c\000u\000l\000o\000\040\000d\000a\000\040\000M\000a\000g\000i\000a}{chapter.8}% 166
\BOOKMARK [1][-]{section.8.8}{\376\377\0008\000.\0008\000\040\000C\000a\000r\000r\000e\000g\000a\000n\000d\000o\000\040\000u\000m\000a\000\040\000M\000a\000g\000i\000a}{chapter.8}% 167
\BOOKMARK [1][-]{section.8.9}{\376\377\0008\000.\0009\000\040\000M\000a\000g\000i\000a\000s\000\040\000d\000e\000\040\000P\000r\000i\000m\000e\000i\000r\000o\000\040\000N\000\355\000v\000e\000l}{chapter.8}% 168
\BOOKMARK [2][-]{subsection.8.9.1}{\376\377\0008\000.\0009\000.\0001\000\040\000F\000i\000r\000a\000n\000i}{section.8.9}% 169
\BOOKMARK [2][-]{subsection.8.9.2}{\376\377\0008\000.\0009\000.\0002\000\040\000M\000a\000l\000o\000n}{section.8.9}% 170
\BOOKMARK [2][-]{subsection.8.9.3}{\376\377\0008\000.\0009\000.\0003\000\040\000T\000e\000r\000r\000a\000t\000o}{section.8.9}% 171
\BOOKMARK [2][-]{subsection.8.9.4}{\376\377\0008\000.\0009\000.\0004\000\040\000Z\000o\000r\000i\000n}{section.8.9}% 172
\BOOKMARK [2][-]{subsection.8.9.5}{\376\377\0008\000.\0009\000.\0005\000\040\000A\000c\000u\000a}{section.8.9}% 173
\BOOKMARK [2][-]{subsection.8.9.6}{\376\377\0008\000.\0009\000.\0006\000\040\000H\000e\000r\000i\000s}{section.8.9}% 174
\BOOKMARK [2][-]{subsection.8.9.7}{\376\377\0008\000.\0009\000.\0007\000\040\000W\000i\000n\000d\000a\000n}{section.8.9}% 175
\BOOKMARK [2][-]{subsection.8.9.8}{\376\377\0008\000.\0009\000.\0008\000\040\000C\000i\000a\000r\000\372}{section.8.9}% 176
\BOOKMARK [2][-]{subsection.8.9.9}{\376\377\0008\000.\0009\000.\0009\000\040\000V\000e\000r\000u}{section.8.9}% 177
\BOOKMARK [2][-]{subsection.8.9.10}{\376\377\0008\000.\0009\000.\0001\0000\000\040\000T\000o\000r\000o\000n\000t\000o}{section.8.9}% 178
\BOOKMARK [0][-]{chapter.9}{\376\377\0009\000\040\000E\000q\000u\000i\000p\000a\000m\000e\000n\000t\000o}{}% 179
\BOOKMARK [1][-]{section.9.1}{\376\377\0009\000.\0001\000\040\000L\000i\000s\000t\000a\000\040\000D\000e\000\040\000A\000c\000e\000s\000s\000o}{chapter.9}% 180
\BOOKMARK [1][-]{section.9.2}{\376\377\0009\000.\0002\000\040\000U\000s\000a\000n\000d\000o\000\040\000u\000m\000a\000\040\000a\000r\000m\000a\000\040\000s\000e\000m\000\040\000a\000\040\000p\000e\000r\000\355\000c\000i\000a}{chapter.9}% 181
\BOOKMARK [1][-]{section.9.3}{\376\377\0009\000.\0003\000\040\000U\000s\000a\000n\000d\000o\000\040\000u\000m\000a\000\040\000a\000r\000m\000a\000\040\000c\000o\000m\000\040\000d\000u\000a\000s\000\040\000m\000\343\000o\000s}{chapter.9}% 182
\BOOKMARK [2][-]{subsection.9.3.1}{\376\377\0009\000.\0003\000.\0001\000\040\000A\000m\000b\000i\000d\000e\000s\000t\000r\000i\000a}{section.9.3}% 183
\BOOKMARK [1][-]{section.9.4}{\376\377\0009\000.\0004\000\040\000E\000s\000p\000e\000c\000i\000a\000l\000i\000z\000a\000\347\000\343\000o}{chapter.9}% 184
\BOOKMARK [1][-]{section.9.5}{\376\377\0009\000.\0005\000\040\000A\000c\000r\000o\000b\000a\000c\000i\000a\000s\000\040\000e\000m\000\040\000C\000o\000m\000b\000a\000t\000e}{chapter.9}% 185
\BOOKMARK [1][-]{section.9.6}{\376\377\0009\000.\0006\000\040\000P\000o\000n\000t\000o\000s\000\040\000d\000e\000\040\000R\000e\000s\000i\000s\000t\000\352\000n\000c\000i\000a}{chapter.9}% 186
\BOOKMARK [1][-]{section.9.7}{\376\377\0009\000.\0007\000\040\000M\000a\000n\000o\000p\000l\000a}{chapter.9}% 187
\BOOKMARK [1][-]{section.9.8}{\376\377\0009\000.\0008\000\040\000A\000r\000m\000a\000d\000u\000r\000a\000s}{chapter.9}% 188
\BOOKMARK [1][-]{section.9.9}{\376\377\0009\000.\0009\000\040\000E\000s\000c\000u\000d\000o\000s}{chapter.9}% 189
\BOOKMARK [1][-]{section.9.10}{\376\377\0009\000.\0001\0000\000\040\000A\000r\000c\000o\000\040\000e\000\040\000F\000l\000e\000c\000h\000a}{chapter.9}% 190
\BOOKMARK [1][-]{section.9.11}{\376\377\0009\000.\0001\0001\000\040\000A\000r\000m\000a\000s\000\040\000P\000e\000r\000f\000u\000r\000a\000n\000t\000e\000s}{chapter.9}% 191
\BOOKMARK [1][-]{section.9.12}{\376\377\0009\000.\0001\0002\000\040\000A\000r\000m\000a\000s\000\040\000d\000e\000\040\000F\000o\000g\000o}{chapter.9}% 192
\BOOKMARK [2][-]{subsection.9.12.1}{\376\377\0009\000.\0001\0002\000.\0001\000\040\000C\000a\000d\000\352\000n\000c\000i\000a\000\040\000d\000e\000\040\000t\000i\000r\000o}{section.9.12}% 193
\BOOKMARK [2][-]{subsection.9.12.2}{\376\377\0009\000.\0001\0002\000.\0002\000\040\000P\000o\000n\000t\000o\000s\000\040\000d\000e\000\040\000r\000e\000s\000i\000t\000\352\000n\000c\000i\000a\000\040\000d\000e\000\040\000a\000r\000m\000a\000s\000\040\000d\000e\000\040\000f\000o\000g\000o}{section.9.12}% 194
\BOOKMARK [2][-]{subsection.9.12.3}{\376\377\0009\000.\0001\0002\000.\0003\000\040\000B\000a\000l\000a\000s}{section.9.12}% 195
\BOOKMARK [2][-]{subsection.9.12.4}{\376\377\0009\000.\0001\0002\000.\0004\000\040\000E\000f\000e\000i\000t\000o\000\040\000m\000a\000n\000g\000u\000e\000i\000r\000a}{section.9.12}% 196
\BOOKMARK [1][-]{section.9.13}{\376\377\0009\000.\0001\0003\000\040\000L\000i\000s\000t\000a\000\040\000D\000a\000s\000\040\000P\000e\000r\000\355\000c\000i\000a\000s}{chapter.9}% 197
\BOOKMARK [1][-]{section.9.14}{\376\377\0009\000.\0001\0004\000\040\000L\000i\000m\000i\000t\000a\000\347\000\343\000o\000\040\000d\000e\000\040\000I\000t\000e\000n\000s\000\040\000M\000\341\000g\000i\000c\000o\000s}{chapter.9}% 198
